G:\WORKSPACE\DATASTRUCTURS\AUTO_PTR\AUTO_PTR\DEBUG\AUTO_PTR.EXE.EMBED.MANIFEST
G:\WORKSPACE\DATASTRUCTURS\AUTO_PTR\AUTO_PTR\DEBUG\AUTO_PTR.EXE.EMBED.MANIFEST.RES
G:\WORKSPACE\DATASTRUCTURS\AUTO_PTR\AUTO_PTR\DEBUG\AUTO_PTR.EXE.INTERMEDIATE.MANIFEST
G:\WORKSPACE\DATASTRUCTURS\AUTO_PTR\AUTO_PTR\DEBUG\AUTO_PTR.OBJ
G:\workspace\datastructurs\Auto_ptr\Auto_ptr\Debug\Auto_ptr_manifest.rc
G:\workspace\datastructurs\Auto_ptr\Auto_ptr\Debug\cl.command.1.tlog
G:\workspace\datastructurs\Auto_ptr\Auto_ptr\Debug\CL.read.1.tlog
G:\workspace\datastructurs\Auto_ptr\Auto_ptr\Debug\CL.write.1.tlog
G:\workspace\datastructurs\Auto_ptr\Auto_ptr\Debug\link.560.read.1.tlog
G:\workspace\datastructurs\Auto_ptr\Auto_ptr\Debug\link.560.write.1.tlog
G:\workspace\datastructurs\Auto_ptr\Auto_ptr\Debug\link.560-cvtres.read.1.tlog
G:\workspace\datastructurs\Auto_ptr\Auto_ptr\Debug\link.560-cvtres.write.1.tlog
G:\workspace\datastructurs\Auto_ptr\Auto_ptr\Debug\link.command.1.tlog
G:\workspace\datastructurs\Auto_ptr\Auto_ptr\Debug\link.read.1.tlog
G:\workspace\datastructurs\Auto_ptr\Auto_ptr\Debug\link.write.1.tlog
G:\workspace\datastructurs\Auto_ptr\Auto_ptr\Debug\link-cvtres.read.1.tlog
G:\workspace\datastructurs\Auto_ptr\Auto_ptr\Debug\link-cvtres.write.1.tlog
G:\workspace\datastructurs\Auto_ptr\Auto_ptr\Debug\mt.command.1.tlog
G:\workspace\datastructurs\Auto_ptr\Auto_ptr\Debug\mt.read.1.tlog
G:\workspace\datastructurs\Auto_ptr\Auto_ptr\Debug\mt.write.1.tlog
G:\workspace\datastructurs\Auto_ptr\Auto_ptr\Debug\rc.command.1.tlog
G:\workspace\datastructurs\Auto_ptr\Auto_ptr\Debug\rc.read.1.tlog
G:\workspace\datastructurs\Auto_ptr\Auto_ptr\Debug\rc.write.1.tlog
G:\workspace\datastructurs\Auto_ptr\Auto_ptr\Debug\vc100.idb
G:\WORKSPACE\DATASTRUCTURS\AUTO_PTR\AUTO_PTR\DEBUG\VC100.PDB
G:\WORKSPACE\DATASTRUCTURS\AUTO_PTR\DEBUG\AUTO_PTR.EXE
G:\WORKSPACE\DATASTRUCTURS\AUTO_PTR\DEBUG\AUTO_PTR.ILK
G:\WORKSPACE\DATASTRUCTURS\AUTO_PTR\DEBUG\AUTO_PTR.PDB
